<?xml version="1.0" encoding="UTF-8"?>
<!-- Generated by org.testng.reporters.JUnitXMLReporter -->
<testsuite hostname="DESKTOP-FVKBK2P" ignored="0" name="Surefire test" tests="1" failures="1" timestamp="06 oct. 2021 23:44:38 GMT" time="66.779" errors="0">
  <testcase name="runScenario" time="22.847" classname="io.cucumber.testng.AbstractTestNGCucumberTests">
    <failure type="java.lang.AssertionError" message="expected [false] but found [true]">
      <![CDATA[java.lang.AssertionError: expected [false] but found [true]
at com.sagemcom.steps.EngagementsStep.lambda$new$1(EngagementsStep.java:26)
at âœ½.Presence of a dialogue box(file:///C:/Users/Gabriel/Documents/PAWK/Projets/Sagemcom/src/test/resources/features/minorBug.feature:9)
... Removed 4 stack frames]]>
    </failure>
  </testcase> <!-- runScenario -->
</testsuite> <!-- Surefire test -->
