<?xml version="1.0" encoding="UTF-8"?><testsuite errors="0" failures="1" name="io.cucumber.core.plugin.JUnitFormatter" skipped="0" tests="1" time="57.065">
<testcase classname="Minor Bug" name="Opening an empty dialogue box" time="20.725">
<failure message="expected [false] but found [true]" type="java.lang.AssertionError"><![CDATA[Given Go to the page https://www.sagemcom.com/fr/engagements................passed
When Click on "Nos certifications"..........................................passed
And Go back to the tab of the page "Engagements"............................passed
Then Presence of a dialogue box.............................................failed

StackTrace:
java.lang.AssertionError: expected [false] but found [true]
	at org.testng.Assert.fail(Assert.java:96)
	at org.testng.Assert.failNotEquals(Assert.java:776)
	at org.testng.Assert.assertFalse(Assert.java:65)
	at org.testng.Assert.assertFalse(Assert.java:75)
	at com.sagemcom.steps.EngagementsStep.lambda$new$1(EngagementsStep.java:26)
	at âœ½.Presence of a dialogue box(file:///C:/Users/Gabriel/Documents/PAWK/Projets/Sagemcom/src/test/resources/features/minorBug.feature:9)
]]></failure>
</testcase>
</testsuite>
