<?xml version="1.0" encoding="UTF-8"?>
<!-- Generated by org.testng.reporters.JUnitReportReporter -->
<testsuite skipped="0" hostname="DESKTOP-FVKBK2P" name="com.sagemcom.runners.TestRunner" tests="1" failures="1" timestamp="06 oct. 2021 23:44:40 GMT" time="22.847" errors="0">
  <testcase name="runScenario" time="22.847" classname="com.sagemcom.runners.TestRunner">
    <failure type="java.lang.AssertionError" message="expected [false] but found [true]">
      <![CDATA[java.lang.AssertionError: expected [false] but found [true]
at org.testng.Assert.fail(Assert.java:96)
at org.testng.Assert.failNotEquals(Assert.java:776)
at org.testng.Assert.assertFalse(Assert.java:65)
at org.testng.Assert.assertFalse(Assert.java:75)
at com.sagemcom.steps.EngagementsStep.lambda$new$1(EngagementsStep.java:26)
at âœ½.Presence of a dialogue box(file:///C:/Users/Gabriel/Documents/PAWK/Projets/Sagemcom/src/test/resources/features/minorBug.feature:9)
]]>
    </failure>
  </testcase> <!-- runScenario -->
</testsuite> <!-- com.sagemcom.runners.TestRunner -->
